  compilation object save succeeded; see D:\_Abertay_Uni\_Game_Tech_Degree\Year_3\Semester_1\CMP305_Procedural_Methods\Assessment\Application\CMP_305_Coursework\x64\Release\light_ps.cso
  compilation object save succeeded; see D:\_Abertay_Uni\_Game_Tech_Degree\Year_3\Semester_1\CMP305_Procedural_Methods\Assessment\Application\CMP_305_Coursework\x64\Release\light_vs.cso
  App1.cpp
  Faulting.cpp
  ImprovedPerlin.cpp
  LightShader.cpp
  Main.cpp
  OldPerlinNoise.cpp
D:\_Abertay_Uni\_Game_Tech_Degree\Year_3\Semester_1\CMP305_Procedural_Methods\Assessment\Application\CMP_305_Coursework\TerrainGenerator\OldPerlinNoise.h(36,17): warning C4244: 'return': conversion from 'double' to 'const float', possible loss of data
D:\_Abertay_Uni\_Game_Tech_Degree\Year_3\Semester_1\CMP305_Procedural_Methods\Assessment\Application\CMP_305_Coursework\TerrainGenerator\OldPerlinNoise.cpp(20,34): warning C4838: conversion from 'double' to 'float' requires a narrowing conversion
D:\_Abertay_Uni\_Game_Tech_Degree\Year_3\Semester_1\CMP305_Procedural_Methods\Assessment\Application\CMP_305_Coursework\TerrainGenerator\OldPerlinNoise.cpp(20,34): warning C4244: 'initializing': conversion from 'double' to 'float', possible loss of data
D:\_Abertay_Uni\_Game_Tech_Degree\Year_3\Semester_1\CMP305_Procedural_Methods\Assessment\Application\CMP_305_Coursework\TerrainGenerator\OldPerlinNoise.cpp(153,10): warning C4244: '=': conversion from 'double' to 'float', possible loss of data
D:\_Abertay_Uni\_Game_Tech_Degree\Year_3\Semester_1\CMP305_Procedural_Methods\Assessment\Application\CMP_305_Coursework\TerrainGenerator\OldPerlinNoise.cpp(159,10): warning C4244: 'initializing': conversion from 'double' to 'float', possible loss of data
D:\_Abertay_Uni\_Game_Tech_Degree\Year_3\Semester_1\CMP305_Procedural_Methods\Assessment\Application\CMP_305_Coursework\TerrainGenerator\OldPerlinNoise.cpp(167,10): warning C4244: 'initializing': conversion from 'double' to 'float', possible loss of data
  Terrain.cpp
D:\_Abertay_Uni\_Game_Tech_Degree\Year_3\Semester_1\CMP305_Procedural_Methods\Assessment\Application\CMP_305_Coursework\TerrainGenerator\Terrain.cpp(188,14): warning C4244: 'initializing': conversion from 'double' to 'float', possible loss of data
D:\_Abertay_Uni\_Game_Tech_Degree\Year_3\Semester_1\CMP305_Procedural_Methods\Assessment\Application\CMP_305_Coursework\TerrainGenerator\Terrain.cpp(38,38): warning C4101: 'indexBufferDesc': unreferenced local variable
D:\_Abertay_Uni\_Game_Tech_Degree\Year_3\Semester_1\CMP305_Procedural_Methods\Assessment\Application\CMP_305_Coursework\TerrainGenerator\Terrain.cpp(39,25): warning C4101: 'vertexData': unreferenced local variable
D:\_Abertay_Uni\_Game_Tech_Degree\Year_3\Semester_1\CMP305_Procedural_Methods\Assessment\Application\CMP_305_Coursework\TerrainGenerator\Terrain.cpp(39,37): warning C4101: 'indexData': unreferenced local variable
D:\_Abertay_Uni\_Game_Tech_Degree\Year_3\Semester_1\CMP305_Procedural_Methods\Assessment\Application\CMP_305_Coursework\TerrainGenerator\Terrain.cpp(38,20): warning C4101: 'vertexBufferDesc': unreferenced local variable
  TerrainMesh.cpp
D:\_Abertay_Uni\_Game_Tech_Degree\Year_3\Semester_1\CMP305_Procedural_Methods\Assessment\Application\CMP_305_Coursework\TerrainGenerator\OldPerlinNoise.h(36,17): warning C4244: 'return': conversion from 'double' to 'const float', possible loss of data
D:\_Abertay_Uni\_Game_Tech_Degree\Year_3\Semester_1\CMP305_Procedural_Methods\Assessment\Application\CMP_305_Coursework\TerrainGenerator\Line.h(4,1): warning C4099: 'Coord': type name first seen using 'class' now seen using 'struct'
D:\_Abertay_Uni\_Game_Tech_Degree\Year_3\Semester_1\CMP305_Procedural_Methods\Assessment\Application\CMP_305_Coursework\TerrainGenerator\Line.h(3): message : see declaration of 'Coord'
D:\_Abertay_Uni\_Game_Tech_Degree\Year_3\Semester_1\CMP305_Procedural_Methods\Assessment\Application\CMP_305_Coursework\TerrainGenerator\TerrainMesh.cpp(74,32): warning C4244: 'argument': conversion from 'int' to 'float', possible loss of data
D:\_Abertay_Uni\_Game_Tech_Degree\Year_3\Semester_1\CMP305_Procedural_Methods\Assessment\Application\CMP_305_Coursework\TerrainGenerator\TerrainMesh.cpp(74,26): warning C4244: 'argument': conversion from 'int' to 'float', possible loss of data
D:\_Abertay_Uni\_Game_Tech_Degree\Year_3\Semester_1\CMP305_Procedural_Methods\Assessment\Application\CMP_305_Coursework\TerrainGenerator\TerrainMesh.cpp(75,24): warning C4244: '=': conversion from 'double' to 'float', possible loss of data
D:\_Abertay_Uni\_Game_Tech_Degree\Year_3\Semester_1\CMP305_Procedural_Methods\Assessment\Application\CMP_305_Coursework\TerrainGenerator\TerrainMesh.cpp(83,61): warning C4244: '=': conversion from 'double' to 'float', possible loss of data
D:\_Abertay_Uni\_Game_Tech_Degree\Year_3\Semester_1\CMP305_Procedural_Methods\Assessment\Application\CMP_305_Coursework\TerrainGenerator\TerrainMesh.cpp(84,77): warning C4244: '+=': conversion from 'double' to 'float', possible loss of data
D:\_Abertay_Uni\_Game_Tech_Degree\Year_3\Semester_1\CMP305_Procedural_Methods\Assessment\Application\CMP_305_Coursework\TerrainGenerator\TerrainMesh.cpp(55,8): warning C4101: 'value': unreferenced local variable
D:\_Abertay_Uni\_Game_Tech_Degree\Year_3\Semester_1\CMP305_Procedural_Methods\Assessment\Application\CMP_305_Coursework\TerrainGenerator\TerrainMesh.cpp(111,58): warning C4244: '=': conversion from 'double' to 'float', possible loss of data
D:\_Abertay_Uni\_Game_Tech_Degree\Year_3\Semester_1\CMP305_Procedural_Methods\Assessment\Application\CMP_305_Coursework\TerrainGenerator\TerrainMesh.cpp(114,88): warning C4244: '+=': conversion from 'double' to 'float', possible loss of data
D:\_Abertay_Uni\_Game_Tech_Degree\Year_3\Semester_1\CMP305_Procedural_Methods\Assessment\Application\CMP_305_Coursework\TerrainGenerator\TerrainMesh.cpp(115,88): warning C4244: '+=': conversion from 'double' to 'float', possible loss of data
D:\_Abertay_Uni\_Game_Tech_Degree\Year_3\Semester_1\CMP305_Procedural_Methods\Assessment\Application\CMP_305_Coursework\TerrainGenerator\TerrainMesh.cpp(118,74): warning C4244: '+=': conversion from 'double' to 'float', possible loss of data
D:\_Abertay_Uni\_Game_Tech_Degree\Year_3\Semester_1\CMP305_Procedural_Methods\Assessment\Application\CMP_305_Coursework\TerrainGenerator\TerrainMesh.cpp(121,88): warning C4244: '+=': conversion from 'double' to 'float', possible loss of data
D:\_Abertay_Uni\_Game_Tech_Degree\Year_3\Semester_1\CMP305_Procedural_Methods\Assessment\Application\CMP_305_Coursework\TerrainGenerator\TerrainMesh.cpp(122,88): warning C4244: '+=': conversion from 'double' to 'float', possible loss of data
D:\_Abertay_Uni\_Game_Tech_Degree\Year_3\Semester_1\CMP305_Procedural_Methods\Assessment\Application\CMP_305_Coursework\TerrainGenerator\TerrainMesh.cpp(255,26): warning C4244: '=': conversion from 'int' to 'float', possible loss of data
D:\_Abertay_Uni\_Game_Tech_Degree\Year_3\Semester_1\CMP305_Procedural_Methods\Assessment\Application\CMP_305_Coursework\TerrainGenerator\TerrainMesh.cpp(257,26): warning C4244: '=': conversion from 'int' to 'float', possible loss of data
D:\_Abertay_Uni\_Game_Tech_Degree\Year_3\Semester_1\CMP305_Procedural_Methods\Assessment\Application\CMP_305_Coursework\TerrainGenerator\TerrainMesh.cpp(261,22): warning C4244: '=': conversion from 'int' to 'float', possible loss of data
D:\_Abertay_Uni\_Game_Tech_Degree\Year_3\Semester_1\CMP305_Procedural_Methods\Assessment\Application\CMP_305_Coursework\TerrainGenerator\TerrainMesh.cpp(263,22): warning C4244: '=': conversion from 'int' to 'float', possible loss of data
D:\_Abertay_Uni\_Game_Tech_Degree\Year_3\Semester_1\CMP305_Procedural_Methods\Assessment\Application\CMP_305_Coursework\TerrainGenerator\TerrainMesh.cpp(289,18): warning C4244: '=': conversion from 'int' to 'float', possible loss of data
D:\_Abertay_Uni\_Game_Tech_Degree\Year_3\Semester_1\CMP305_Procedural_Methods\Assessment\Application\CMP_305_Coursework\TerrainGenerator\TerrainMesh.cpp(291,18): warning C4244: '=': conversion from 'int' to 'float', possible loss of data
D:\_Abertay_Uni\_Game_Tech_Degree\Year_3\Semester_1\CMP305_Procedural_Methods\Assessment\Application\CMP_305_Coursework\TerrainGenerator\TerrainMesh.cpp(328,16): warning C4244: 'initializing': conversion from 'float' to 'int', possible loss of data
D:\_Abertay_Uni\_Game_Tech_Degree\Year_3\Semester_1\CMP305_Procedural_Methods\Assessment\Application\CMP_305_Coursework\TerrainGenerator\TerrainMesh.cpp(356,19): warning C4244: 'initializing': conversion from 'float' to 'int', possible loss of data
D:\_Abertay_Uni\_Game_Tech_Degree\Year_3\Semester_1\CMP305_Procedural_Methods\Assessment\Application\CMP_305_Coursework\TerrainGenerator\TerrainMesh.cpp(362,54): warning C4244: '=': conversion from 'float' to 'int', possible loss of data
D:\_Abertay_Uni\_Game_Tech_Degree\Year_3\Semester_1\CMP305_Procedural_Methods\Assessment\Application\CMP_305_Coursework\TerrainGenerator\TerrainMesh.cpp(379,19): warning C4244: 'initializing': conversion from 'float' to 'int', possible loss of data
D:\_Abertay_Uni\_Game_Tech_Degree\Year_3\Semester_1\CMP305_Procedural_Methods\Assessment\Application\CMP_305_Coursework\TerrainGenerator\TerrainMesh.cpp(385,54): warning C4244: '=': conversion from 'float' to 'int', possible loss of data
D:\_Abertay_Uni\_Game_Tech_Degree\Year_3\Semester_1\CMP305_Procedural_Methods\Assessment\Application\CMP_305_Coursework\TerrainGenerator\TerrainMesh.cpp(402,19): warning C4244: 'initializing': conversion from 'float' to 'int', possible loss of data
D:\_Abertay_Uni\_Game_Tech_Degree\Year_3\Semester_1\CMP305_Procedural_Methods\Assessment\Application\CMP_305_Coursework\TerrainGenerator\TerrainMesh.cpp(408,54): warning C4244: '=': conversion from 'float' to 'int', possible loss of data
D:\_Abertay_Uni\_Game_Tech_Degree\Year_3\Semester_1\CMP305_Procedural_Methods\Assessment\Application\CMP_305_Coursework\TerrainGenerator\TerrainMesh.cpp(425,19): warning C4244: 'initializing': conversion from 'float' to 'int', possible loss of data
D:\_Abertay_Uni\_Game_Tech_Degree\Year_3\Semester_1\CMP305_Procedural_Methods\Assessment\Application\CMP_305_Coursework\TerrainGenerator\TerrainMesh.cpp(431,54): warning C4244: '=': conversion from 'float' to 'int', possible loss of data
D:\_Abertay_Uni\_Game_Tech_Degree\Year_3\Semester_1\CMP305_Procedural_Methods\Assessment\Application\CMP_305_Coursework\TerrainGenerator\TerrainMesh.cpp(529,38): warning C4838: conversion from 'double' to 'float' requires a narrowing conversion
D:\_Abertay_Uni\_Game_Tech_Degree\Year_3\Semester_1\CMP305_Procedural_Methods\Assessment\Application\CMP_305_Coursework\TerrainGenerator\TerrainMesh.cpp(529,38): warning C4244: 'initializing': conversion from 'double' to 'float', possible loss of data
D:\_Abertay_Uni\_Game_Tech_Degree\Year_3\Semester_1\CMP305_Procedural_Methods\Assessment\Application\CMP_305_Coursework\TerrainGenerator\TerrainMesh.cpp(529,71): warning C4838: conversion from 'double' to 'float' requires a narrowing conversion
D:\_Abertay_Uni\_Game_Tech_Degree\Year_3\Semester_1\CMP305_Procedural_Methods\Assessment\Application\CMP_305_Coursework\TerrainGenerator\TerrainMesh.cpp(529,71): warning C4244: 'initializing': conversion from 'double' to 'float', possible loss of data
D:\_Abertay_Uni\_Game_Tech_Degree\Year_3\Semester_1\CMP305_Procedural_Methods\Assessment\Application\CMP_305_Coursework\TerrainGenerator\TerrainMesh.cpp(719,14): warning C4244: 'initializing': conversion from 'double' to 'float', possible loss of data
D:\_Abertay_Uni\_Game_Tech_Degree\Year_3\Semester_1\CMP305_Procedural_Methods\Assessment\Application\CMP_305_Coursework\TerrainGenerator\TerrainMesh.cpp(563,38): warning C4101: 'indexBufferDesc': unreferenced local variable
D:\_Abertay_Uni\_Game_Tech_Degree\Year_3\Semester_1\CMP305_Procedural_Methods\Assessment\Application\CMP_305_Coursework\TerrainGenerator\TerrainMesh.cpp(564,25): warning C4101: 'vertexData': unreferenced local variable
D:\_Abertay_Uni\_Game_Tech_Degree\Year_3\Semester_1\CMP305_Procedural_Methods\Assessment\Application\CMP_305_Coursework\TerrainGenerator\TerrainMesh.cpp(564,37): warning C4101: 'indexData': unreferenced local variable
D:\_Abertay_Uni\_Game_Tech_Degree\Year_3\Semester_1\CMP305_Procedural_Methods\Assessment\Application\CMP_305_Coursework\TerrainGenerator\TerrainMesh.cpp(563,20): warning C4101: 'vertexBufferDesc': unreferenced local variable
  Generating code
  Previous IPDB not found, fall back to full compilation.
  All 1270 functions were compiled because no usable IPDB/IOBJ from previous compilation was found.
  Finished generating code
DXFramework.lib(WICTextureLoader.obj) : warning LNK4099: PDB 'DirectXTK.pdb' was not found with 'DXFramework.lib(WICTextureLoader.obj)' or at 'D:\_Abertay_Uni\_Game_Tech_Degree\Year_3\Semester_1\CMP305_Procedural_Methods\Assessment\Application\CMP_305_Coursework\x64\Release\DirectXTK.pdb'; linking object as if no debug info
DXFramework.lib(pch.obj) : warning LNK4099: PDB 'DirectXTK.pdb' was not found with 'DXFramework.lib(pch.obj)' or at 'D:\_Abertay_Uni\_Game_Tech_Degree\Year_3\Semester_1\CMP305_Procedural_Methods\Assessment\Application\CMP_305_Coursework\x64\Release\DirectXTK.pdb'; linking object as if no debug info
DXFramework.lib(DDSTextureLoader.obj) : warning LNK4099: PDB 'DirectXTK.pdb' was not found with 'DXFramework.lib(DDSTextureLoader.obj)' or at 'D:\_Abertay_Uni\_Game_Tech_Degree\Year_3\Semester_1\CMP305_Procedural_Methods\Assessment\Application\CMP_305_Coursework\x64\Release\DirectXTK.pdb'; linking object as if no debug info
  TerrainGenerator.vcxproj -> D:\_Abertay_Uni\_Game_Tech_Degree\Year_3\Semester_1\CMP305_Procedural_Methods\Assessment\Application\CMP_305_Coursework\x64\Release\TerrainGenerator.exe
