  App1.cpp
D:\_Abertay_Uni\_Game_Tech_Degree\Year_3\Semester_1\CMP305_Procedural_Methods\Assessment\Application\CMP_305_Coursework\TerrainGenerator\App1.cpp(290,20): warning C4244: 'initializing': conversion from 'double' to 'float', possible loss of data
D:\_Abertay_Uni\_Game_Tech_Degree\Year_3\Semester_1\CMP305_Procedural_Methods\Assessment\Application\CMP_305_Coursework\TerrainGenerator\App1.cpp(291,21): warning C4244: 'initializing': conversion from 'double' to 'float', possible loss of data
D:\_Abertay_Uni\_Game_Tech_Degree\Year_3\Semester_1\CMP305_Procedural_Methods\Assessment\Application\CMP_305_Coursework\TerrainGenerator\App1.cpp(302,15): warning C4244: '=': conversion from 'double' to 'float', possible loss of data
D:\_Abertay_Uni\_Game_Tech_Degree\Year_3\Semester_1\CMP305_Procedural_Methods\Assessment\Application\CMP_305_Coursework\TerrainGenerator\App1.cpp(415,17): warning C4305: '*=': truncation from 'double' to 'float'
D:\_Abertay_Uni\_Game_Tech_Degree\Year_3\Semester_1\CMP305_Procedural_Methods\Assessment\Application\CMP_305_Coursework\TerrainGenerator\App1.cpp(447,91): warning C4244: 'argument': conversion from 'float' to 'int', possible loss of data
D:\_Abertay_Uni\_Game_Tech_Degree\Year_3\Semester_1\CMP305_Procedural_Methods\Assessment\Application\CMP_305_Coursework\TerrainGenerator\App1.cpp(447,85): warning C4244: 'argument': conversion from 'float' to 'int', possible loss of data
D:\_Abertay_Uni\_Game_Tech_Degree\Year_3\Semester_1\CMP305_Procedural_Methods\Assessment\Application\CMP_305_Coursework\TerrainGenerator\App1.cpp(707,58): warning C4244: 'argument': conversion from 'double' to 'int', possible loss of data
D:\_Abertay_Uni\_Game_Tech_Degree\Year_3\Semester_1\CMP305_Procedural_Methods\Assessment\Application\CMP_305_Coursework\TerrainGenerator\App1.cpp(707,53): warning C4244: 'argument': conversion from 'double' to 'int', possible loss of data
D:\_Abertay_Uni\_Game_Tech_Degree\Year_3\Semester_1\CMP305_Procedural_Methods\Assessment\Application\CMP_305_Coursework\TerrainGenerator\App1.cpp(708,54): warning C4305: 'argument': truncation from 'double' to 'float'
D:\_Abertay_Uni\_Game_Tech_Degree\Year_3\Semester_1\CMP305_Procedural_Methods\Assessment\Application\CMP_305_Coursework\TerrainGenerator\App1.cpp(710,63): warning C4305: 'argument': truncation from 'double' to 'float'
D:\_Abertay_Uni\_Game_Tech_Degree\Year_3\Semester_1\CMP305_Procedural_Methods\Assessment\Application\CMP_305_Coursework\TerrainGenerator\App1.cpp(711,68): warning C4305: 'argument': truncation from 'double' to 'float'
D:\_Abertay_Uni\_Game_Tech_Degree\Year_3\Semester_1\CMP305_Procedural_Methods\Assessment\Application\CMP_305_Coursework\TerrainGenerator\App1.cpp(712,77): warning C4305: 'argument': truncation from 'double' to 'float'
  Main.cpp
D:\_Abertay_Uni\_Game_Tech_Degree\Year_3\Semester_1\CMP305_Procedural_Methods\Assessment\Application\CMP_305_Coursework\TerrainGenerator\Main.cpp(27,22): warning C4244: 'argument': conversion from 'time_t' to 'unsigned int', possible loss of data
  Terrain.cpp
D:\_Abertay_Uni\_Game_Tech_Degree\Year_3\Semester_1\CMP305_Procedural_Methods\Assessment\Application\CMP_305_Coursework\TerrainGenerator\Terrain.cpp(85,55): warning C4244: 'argument': conversion from 'const float' to 'const int', possible loss of data
D:\_Abertay_Uni\_Game_Tech_Degree\Year_3\Semester_1\CMP305_Procedural_Methods\Assessment\Application\CMP_305_Coursework\TerrainGenerator\Terrain.cpp(86,51): warning C4244: 'argument': conversion from 'const float' to 'const int', possible loss of data
D:\_Abertay_Uni\_Game_Tech_Degree\Year_3\Semester_1\CMP305_Procedural_Methods\Assessment\Application\CMP_305_Coursework\TerrainGenerator\Terrain.cpp(285,14): warning C4244: 'initializing': conversion from 'double' to 'float', possible loss of data
D:\_Abertay_Uni\_Game_Tech_Degree\Year_3\Semester_1\CMP305_Procedural_Methods\Assessment\Application\CMP_305_Coursework\TerrainGenerator\Terrain.cpp(129,38): warning C4101: 'indexBufferDesc': unreferenced local variable
D:\_Abertay_Uni\_Game_Tech_Degree\Year_3\Semester_1\CMP305_Procedural_Methods\Assessment\Application\CMP_305_Coursework\TerrainGenerator\Terrain.cpp(130,25): warning C4101: 'vertexData': unreferenced local variable
D:\_Abertay_Uni\_Game_Tech_Degree\Year_3\Semester_1\CMP305_Procedural_Methods\Assessment\Application\CMP_305_Coursework\TerrainGenerator\Terrain.cpp(130,37): warning C4101: 'indexData': unreferenced local variable
D:\_Abertay_Uni\_Game_Tech_Degree\Year_3\Semester_1\CMP305_Procedural_Methods\Assessment\Application\CMP_305_Coursework\TerrainGenerator\Terrain.cpp(129,20): warning C4101: 'vertexBufferDesc': unreferenced local variable
D:\_Abertay_Uni\_Game_Tech_Degree\Year_3\Semester_1\CMP305_Procedural_Methods\Assessment\Application\CMP_305_Coursework\TerrainGenerator\Terrain.cpp(415,14): warning C4244: 'initializing': conversion from 'int' to 'float', possible loss of data
D:\_Abertay_Uni\_Game_Tech_Degree\Year_3\Semester_1\CMP305_Procedural_Methods\Assessment\Application\CMP_305_Coursework\TerrainGenerator\Terrain.cpp(416,14): warning C4244: 'initializing': conversion from 'int' to 'float', possible loss of data
D:\_Abertay_Uni\_Game_Tech_Degree\Year_3\Semester_1\CMP305_Procedural_Methods\Assessment\Application\CMP_305_Coursework\TerrainGenerator\Terrain.cpp(441,14): warning C4244: 'initializing': conversion from 'double' to 'float', possible loss of data
D:\_Abertay_Uni\_Game_Tech_Degree\Year_3\Semester_1\CMP305_Procedural_Methods\Assessment\Application\CMP_305_Coursework\TerrainGenerator\Terrain.cpp(489,28): warning C4244: '=': conversion from 'double' to 'float', possible loss of data
D:\_Abertay_Uni\_Game_Tech_Degree\Year_3\Semester_1\CMP305_Procedural_Methods\Assessment\Application\CMP_305_Coursework\TerrainGenerator\Terrain.cpp(531,26): warning C4244: '=': conversion from 'double' to 'float', possible loss of data
D:\_Abertay_Uni\_Game_Tech_Degree\Year_3\Semester_1\CMP305_Procedural_Methods\Assessment\Application\CMP_305_Coursework\TerrainGenerator\Terrain.cpp(698,29): warning C4244: 'initializing': conversion from 'int' to 'float', possible loss of data
D:\_Abertay_Uni\_Game_Tech_Degree\Year_3\Semester_1\CMP305_Procedural_Methods\Assessment\Application\CMP_305_Coursework\TerrainGenerator\Terrain.cpp(708,21): warning C4244: 'initializing': conversion from 'double' to 'float', possible loss of data
  Generating Code...
  TerrainGenerator.vcxproj -> D:\_Abertay_Uni\_Game_Tech_Degree\Year_3\Semester_1\CMP305_Procedural_Methods\Assessment\Application\CMP_305_Coursework\x64\Debug\TerrainGenerator.exe
