d:\_abertay_uni\_game_tech_degree\year_3\semester_1\cmp305_procedural_methods\assessment\application\cmp_305_coursework\terraingenerator\x64\debug\vc142.pdb
d:\_abertay_uni\_game_tech_degree\year_3\semester_1\cmp305_procedural_methods\assessment\application\cmp_305_coursework\terraingenerator\x64\debug\vc142.idb
d:\_abertay_uni\_game_tech_degree\year_3\semester_1\cmp305_procedural_methods\assessment\application\cmp_305_coursework\terraingenerator\x64\debug\terrainmesh.obj
d:\_abertay_uni\_game_tech_degree\year_3\semester_1\cmp305_procedural_methods\assessment\application\cmp_305_coursework\terraingenerator\x64\debug\terrain.obj
d:\_abertay_uni\_game_tech_degree\year_3\semester_1\cmp305_procedural_methods\assessment\application\cmp_305_coursework\terraingenerator\x64\debug\oldperlinnoise.obj
d:\_abertay_uni\_game_tech_degree\year_3\semester_1\cmp305_procedural_methods\assessment\application\cmp_305_coursework\terraingenerator\x64\debug\main.obj
d:\_abertay_uni\_game_tech_degree\year_3\semester_1\cmp305_procedural_methods\assessment\application\cmp_305_coursework\terraingenerator\x64\debug\lightshader.obj
d:\_abertay_uni\_game_tech_degree\year_3\semester_1\cmp305_procedural_methods\assessment\application\cmp_305_coursework\terraingenerator\x64\debug\improvedperlin.obj
d:\_abertay_uni\_game_tech_degree\year_3\semester_1\cmp305_procedural_methods\assessment\application\cmp_305_coursework\terraingenerator\x64\debug\faulting.obj
d:\_abertay_uni\_game_tech_degree\year_3\semester_1\cmp305_procedural_methods\assessment\application\cmp_305_coursework\terraingenerator\x64\debug\app1.obj
d:\_abertay_uni\_game_tech_degree\year_3\semester_1\cmp305_procedural_methods\assessment\application\cmp_305_coursework\x64\debug\light_ps.cso
d:\_abertay_uni\_game_tech_degree\year_3\semester_1\cmp305_procedural_methods\assessment\application\cmp_305_coursework\x64\debug\light_vs.cso
d:\_abertay_uni\_game_tech_degree\year_3\semester_1\cmp305_procedural_methods\assessment\application\cmp_305_coursework\terraingenerator\x64\debug\terraingenerator.ilk
d:\_abertay_uni\_game_tech_degree\year_3\semester_1\cmp305_procedural_methods\assessment\application\cmp_305_coursework\x64\debug\terraingenerator.exe
d:\_abertay_uni\_game_tech_degree\year_3\semester_1\cmp305_procedural_methods\assessment\application\cmp_305_coursework\x64\debug\terraingenerator.pdb
d:\_abertay_uni\_game_tech_degree\year_3\semester_1\cmp305_procedural_methods\assessment\application\cmp_305_coursework\terraingenerator\x64\debug\terraingenerator.tlog\cl.command.1.tlog
d:\_abertay_uni\_game_tech_degree\year_3\semester_1\cmp305_procedural_methods\assessment\application\cmp_305_coursework\terraingenerator\x64\debug\terraingenerator.tlog\cl.read.1.tlog
d:\_abertay_uni\_game_tech_degree\year_3\semester_1\cmp305_procedural_methods\assessment\application\cmp_305_coursework\terraingenerator\x64\debug\terraingenerator.tlog\cl.write.1.tlog
d:\_abertay_uni\_game_tech_degree\year_3\semester_1\cmp305_procedural_methods\assessment\application\cmp_305_coursework\terraingenerator\x64\debug\terraingenerator.tlog\fxc.command.1.tlog
d:\_abertay_uni\_game_tech_degree\year_3\semester_1\cmp305_procedural_methods\assessment\application\cmp_305_coursework\terraingenerator\x64\debug\terraingenerator.tlog\fxc.read.1.tlog
d:\_abertay_uni\_game_tech_degree\year_3\semester_1\cmp305_procedural_methods\assessment\application\cmp_305_coursework\terraingenerator\x64\debug\terraingenerator.tlog\fxc.write.1.tlog
d:\_abertay_uni\_game_tech_degree\year_3\semester_1\cmp305_procedural_methods\assessment\application\cmp_305_coursework\terraingenerator\x64\debug\terraingenerator.tlog\link.command.1.tlog
d:\_abertay_uni\_game_tech_degree\year_3\semester_1\cmp305_procedural_methods\assessment\application\cmp_305_coursework\terraingenerator\x64\debug\terraingenerator.tlog\link.read.1.tlog
d:\_abertay_uni\_game_tech_degree\year_3\semester_1\cmp305_procedural_methods\assessment\application\cmp_305_coursework\terraingenerator\x64\debug\terraingenerator.tlog\link.write.1.tlog
