d:\_abertay_uni\_game_tech_degree\year_3\semester_1\cmp305_procedural_methods\assessment\application\cmp_305_coursework\lib\debug\dxframework.pdb
d:\_abertay_uni\_game_tech_degree\year_3\semester_1\cmp305_procedural_methods\assessment\application\cmp_305_coursework\lib\debug\dxframework.idb
d:\_abertay_uni\_game_tech_degree\year_3\semester_1\cmp305_procedural_methods\assessment\application\cmp_305_coursework\dxframework\x64\debug\quadmesh.obj
d:\_abertay_uni\_game_tech_degree\year_3\semester_1\cmp305_procedural_methods\assessment\application\cmp_305_coursework\dxframework\x64\debug\pointmesh.obj
d:\_abertay_uni\_game_tech_degree\year_3\semester_1\cmp305_procedural_methods\assessment\application\cmp_305_coursework\dxframework\x64\debug\planemesh.obj
d:\_abertay_uni\_game_tech_degree\year_3\semester_1\cmp305_procedural_methods\assessment\application\cmp_305_coursework\dxframework\x64\debug\orthomesh.obj
d:\_abertay_uni\_game_tech_degree\year_3\semester_1\cmp305_procedural_methods\assessment\application\cmp_305_coursework\dxframework\x64\debug\model.obj
d:\_abertay_uni\_game_tech_degree\year_3\semester_1\cmp305_procedural_methods\assessment\application\cmp_305_coursework\dxframework\x64\debug\light.obj
d:\_abertay_uni\_game_tech_degree\year_3\semester_1\cmp305_procedural_methods\assessment\application\cmp_305_coursework\dxframework\x64\debug\input.obj
d:\_abertay_uni\_game_tech_degree\year_3\semester_1\cmp305_procedural_methods\assessment\application\cmp_305_coursework\dxframework\x64\debug\fpcamera.obj
d:\_abertay_uni\_game_tech_degree\year_3\semester_1\cmp305_procedural_methods\assessment\application\cmp_305_coursework\dxframework\x64\debug\d3d.obj
d:\_abertay_uni\_game_tech_degree\year_3\semester_1\cmp305_procedural_methods\assessment\application\cmp_305_coursework\dxframework\x64\debug\cubemesh.obj
d:\_abertay_uni\_game_tech_degree\year_3\semester_1\cmp305_procedural_methods\assessment\application\cmp_305_coursework\dxframework\x64\debug\camera.obj
d:\_abertay_uni\_game_tech_degree\year_3\semester_1\cmp305_procedural_methods\assessment\application\cmp_305_coursework\dxframework\x64\debug\baseshader.obj
d:\_abertay_uni\_game_tech_degree\year_3\semester_1\cmp305_procedural_methods\assessment\application\cmp_305_coursework\dxframework\x64\debug\basemesh.obj
d:\_abertay_uni\_game_tech_degree\year_3\semester_1\cmp305_procedural_methods\assessment\application\cmp_305_coursework\dxframework\x64\debug\baseapplication.obj
d:\_abertay_uni\_game_tech_degree\year_3\semester_1\cmp305_procedural_methods\assessment\application\cmp_305_coursework\dxframework\x64\debug\amodel.obj
d:\_abertay_uni\_game_tech_degree\year_3\semester_1\cmp305_procedural_methods\assessment\application\cmp_305_coursework\dxframework\x64\debug\imgui_impl_win32.obj
d:\_abertay_uni\_game_tech_degree\year_3\semester_1\cmp305_procedural_methods\assessment\application\cmp_305_coursework\dxframework\x64\debug\imgui_impl_dx11.obj
d:\_abertay_uni\_game_tech_degree\year_3\semester_1\cmp305_procedural_methods\assessment\application\cmp_305_coursework\dxframework\x64\debug\imgui_draw.obj
d:\_abertay_uni\_game_tech_degree\year_3\semester_1\cmp305_procedural_methods\assessment\application\cmp_305_coursework\dxframework\x64\debug\imgui_demo.obj
d:\_abertay_uni\_game_tech_degree\year_3\semester_1\cmp305_procedural_methods\assessment\application\cmp_305_coursework\dxframework\x64\debug\imgui.obj
d:\_abertay_uni\_game_tech_degree\year_3\semester_1\cmp305_procedural_methods\assessment\application\cmp_305_coursework\dxframework\x64\debug\trianglemesh.obj
d:\_abertay_uni\_game_tech_degree\year_3\semester_1\cmp305_procedural_methods\assessment\application\cmp_305_coursework\dxframework\x64\debug\tokenstream.obj
d:\_abertay_uni\_game_tech_degree\year_3\semester_1\cmp305_procedural_methods\assessment\application\cmp_305_coursework\dxframework\x64\debug\timer.obj
d:\_abertay_uni\_game_tech_degree\year_3\semester_1\cmp305_procedural_methods\assessment\application\cmp_305_coursework\dxframework\x64\debug\texturemanager.obj
d:\_abertay_uni\_game_tech_degree\year_3\semester_1\cmp305_procedural_methods\assessment\application\cmp_305_coursework\dxframework\x64\debug\tessellationmesh.obj
d:\_abertay_uni\_game_tech_degree\year_3\semester_1\cmp305_procedural_methods\assessment\application\cmp_305_coursework\dxframework\x64\debug\system.obj
d:\_abertay_uni\_game_tech_degree\year_3\semester_1\cmp305_procedural_methods\assessment\application\cmp_305_coursework\dxframework\x64\debug\spheremesh.obj
d:\_abertay_uni\_game_tech_degree\year_3\semester_1\cmp305_procedural_methods\assessment\application\cmp_305_coursework\dxframework\x64\debug\shadowmap.obj
d:\_abertay_uni\_game_tech_degree\year_3\semester_1\cmp305_procedural_methods\assessment\application\cmp_305_coursework\dxframework\x64\debug\rendertexture.obj
d:\_abertay_uni\_game_tech_degree\year_3\semester_1\cmp305_procedural_methods\assessment\application\cmp_305_coursework\lib\debug\dxframework.lib
d:\_abertay_uni\_game_tech_degree\year_3\semester_1\cmp305_procedural_methods\assessment\application\cmp_305_coursework\dxframework\x64\debug\dxframework.tlog\cl.command.1.tlog
d:\_abertay_uni\_game_tech_degree\year_3\semester_1\cmp305_procedural_methods\assessment\application\cmp_305_coursework\dxframework\x64\debug\dxframework.tlog\cl.read.1.tlog
d:\_abertay_uni\_game_tech_degree\year_3\semester_1\cmp305_procedural_methods\assessment\application\cmp_305_coursework\dxframework\x64\debug\dxframework.tlog\cl.write.1.tlog
d:\_abertay_uni\_game_tech_degree\year_3\semester_1\cmp305_procedural_methods\assessment\application\cmp_305_coursework\dxframework\x64\debug\dxframework.tlog\lib-link.read.1.tlog
d:\_abertay_uni\_game_tech_degree\year_3\semester_1\cmp305_procedural_methods\assessment\application\cmp_305_coursework\dxframework\x64\debug\dxframework.tlog\lib-link.write.1.tlog
d:\_abertay_uni\_game_tech_degree\year_3\semester_1\cmp305_procedural_methods\assessment\application\cmp_305_coursework\dxframework\x64\debug\dxframework.tlog\lib.command.1.tlog
